# JRE version: OpenJDK Runtime Environment Temurin-21.0.8+9 (21.0.8+9) (build 21.0.8+9-LTS)
# Java VM: OpenJDK 64-Bit Server VM Temurin-21.0.8+9 (21.0.8+9-LTS, mixed mode, sharing, tiered, compressed oops, compressed class ptrs, parallel gc, windows-amd64)
GC Precious Log:
 CardTable entry size: 512
 CPUs: 4 total, 4 available
 Memory: 5991M
 Large Page Support: Disabled
 NUMA Support: Disabled
 Compressed Oops: Enabled (32-bit)
 Alignments: Space 512K, Generation 512K, Heap 2M
 Heap Min Capacity: 100M
 Heap Initial Capacity: 100M
 Heap Max Capacity: 2G
 Pre-touch: Disabled
 Parallel Workers: 4
Heap:
 PSYoungGen      total 6144K, used 3667K [0x00000000d5580000, 0x00000000d5c80000, 0x0000000100000000)
  eden space 5120K, 56% used [0x00000000d5580000,0x00000000d5857468,0x00000000d5a80000)
  from space 1024K, 75% used [0x00000000d5b80000,0x00000000d5c40000,0x00000000d5c80000)
  to   space 1024K, 0% used [0x00000000d5a80000,0x00000000d5a80000,0x00000000d5b80000)
 ParOldGen       total 1346048K, used 1345550K [0x0000000080000000, 0x00000000d2280000, 0x00000000d5580000)
  object space 1346048K, 99% used [0x0000000080000000,0x00000000d2203b00,0x00000000d2280000)
 Metaspace       used 83622K, committed 85184K, reserved 1179648K
  class space    used 8583K, committed 9280K, reserved 1048576K
GC Heap History (20 events):
Event: 964.662 GC heap before
{Heap before GC invocations=2149 (full 4):
 PSYoungGen      total 4096K, used 3871K [0x00000000d5580000, 0x00000000d5b80000, 0x0000000100000000)
  eden space 3072K, 99% used [0x00000000d5580000,0x00000000d587fff8,0x00000000d5880000)
  from space 1024K, 78% used [0x00000000d5a80000,0x00000000d5b48000,0x00000000d5b80000)
  to   space 1024K, 0% used [0x00000000d5980000,0x00000000d5980000,0x00000000d5a80000)
 ParOldGen       total 1333760K, used 1333411K [0x0000000080000000, 0x00000000d1680000, 0x00000000d5580000)
  object space 1333760K, 99% used [0x0000000080000000,0x00000000d1628c50,0x00000000d1680000)
 Metaspace       used 83621K, committed 85184K, reserved 1179648K
  class space    used 8583K, committed 9280K, reserved 1048576K
}
Event: 964.667 GC heap after
{Heap after GC invocations=2149 (full 4):
 PSYoungGen      total 5120K, used 832K [0x00000000d5580000, 0x00000000d5b80000, 0x0000000100000000)
  eden space 4096K, 0% used [0x00000000d5580000,0x00000000d5580000,0x00000000d5980000)
  from space 1024K, 81% used [0x00000000d5980000,0x00000000d5a50000,0x00000000d5a80000)
  to   space 1024K, 0% used [0x00000000d5a80000,0x00000000d5a80000,0x00000000d5b80000)
 ParOldGen       total 1334272K, used 1334187K [0x0000000080000000, 0x00000000d1700000, 0x00000000d5580000)
  object space 1334272K, 99% used [0x0000000080000000,0x00000000d16eac50,0x00000000d1700000)
 Metaspace       used 83621K, committed 85184K, reserved 1179648K
  class space    used 8583K, committed 9280K, reserved 1048576K
}
Event: 964.704 GC heap before
{Heap before GC invocations=2150 (full 4):
 PSYoungGen      total 5120K, used 4928K [0x00000000d5580000, 0x00000000d5b80000, 0x0000000100000000)
  eden space 4096K, 100% used [0x00000000d5580000,0x00000000d5980000,0x00000000d5980000)
  from space 1024K, 81% used [0x00000000d5980000,0x00000000d5a50000,0x00000000d5a80000)
  to   space 1024K, 0% used [0x00000000d5a80000,0x00000000d5a80000,0x00000000d5b80000)
 ParOldGen       total 1334272K, used 1334187K [0x0000000080000000, 0x00000000d1700000, 0x00000000d5580000)
  object space 1334272K, 99% used [0x0000000080000000,0x00000000d16eac50,0x00000000d1700000)
 Metaspace       used 83621K, committed 85184K, reserved 1179648K
  class space    used 8583K, committed 9280K, reserved 1048576K
}
Event: 964.714 GC heap after
{Heap after GC invocations=2150 (full 4):
 PSYoungGen      total 5120K, used 960K [0x00000000d5580000, 0x00000000d5c80000, 0x0000000100000000)
  eden space 4096K, 0% used [0x00000000d5580000,0x00000000d5580000,0x00000000d5980000)
  from space 1024K, 93% used [0x00000000d5a80000,0x00000000d5b70010,0x00000000d5b80000)
  to   space 1024K, 0% used [0x00000000d5980000,0x00000000d5980000,0x00000000d5a80000)
 ParOldGen       total 1335296K, used 1335003K [0x0000000080000000, 0x00000000d1800000, 0x00000000d5580000)
  object space 1335296K, 99% used [0x0000000080000000,0x00000000d17b6c50,0x00000000d1800000)
 Metaspace       used 83621K, committed 85184K, reserved 1179648K
  class space    used 8583K, committed 9280K, reserved 1048576K
}
Event: 964.800 GC heap before
{Heap before GC invocations=2151 (full 4):
 PSYoungGen      total 5120K, used 5056K [0x00000000d5580000, 0x00000000d5c80000, 0x0000000100000000)
  eden space 4096K, 100% used [0x00000000d5580000,0x00000000d5980000,0x00000000d5980000)
  from space 1024K, 93% used [0x00000000d5a80000,0x00000000d5b70010,0x00000000d5b80000)
  to   space 1024K, 0% used [0x00000000d5980000,0x00000000d5980000,0x00000000d5a80000)
 ParOldGen       total 1335296K, used 1335003K [0x0000000080000000, 0x00000000d1800000, 0x00000000d5580000)
  object space 1335296K, 99% used [0x0000000080000000,0x00000000d17b6c50,0x00000000d1800000)
 Metaspace       used 83621K, committed 85184K, reserved 1179648K
  class space    used 8583K, committed 9280K, reserved 1048576K
}
Event: 964.809 GC heap after
{Heap after GC invocations=2151 (full 4):
 PSYoungGen      total 5120K, used 1024K [0x00000000d5580000, 0x00000000d5f80000, 0x0000000100000000)
  eden space 4096K, 0% used [0x00000000d5580000,0x00000000d5580000,0x00000000d5980000)
  from space 1024K, 100% used [0x00000000d5980000,0x00000000d5a80000,0x00000000d5a80000)
  to   space 2560K, 0% used [0x00000000d5d00000,0x00000000d5d00000,0x00000000d5f80000)
 ParOldGen       total 1336320K, used 1336007K [0x0000000080000000, 0x00000000d1900000, 0x00000000d5580000)
  object space 1336320K, 99% used [0x0000000080000000,0x00000000d18b1cb8,0x00000000d1900000)
 Metaspace       used 83621K, committed 85184K, reserved 1179648K
  class space    used 8583K, committed 9280K, reserved 1048576K
}
Event: 964.860 GC heap before
{Heap before GC invocations=2152 (full 4):
 PSYoungGen      total 5120K, used 5120K [0x00000000d5580000, 0x00000000d5f80000, 0x0000000100000000)
  eden space 4096K, 100% used [0x00000000d5580000,0x00000000d5980000,0x00000000d5980000)
  from space 1024K, 100% used [0x00000000d5980000,0x00000000d5a80000,0x00000000d5a80000)
  to   space 2560K, 0% used [0x00000000d5d00000,0x00000000d5d00000,0x00000000d5f80000)
 ParOldGen       total 1336320K, used 1336007K [0x0000000080000000, 0x00000000d1900000, 0x00000000d5580000)
  object space 1336320K, 99% used [0x0000000080000000,0x00000000d18b1cb8,0x00000000d1900000)
 Metaspace       used 83621K, committed 85184K, reserved 1179648K
  class space    used 8583K, committed 9280K, reserved 1048576K
}
Event: 964.868 GC heap after
{Heap after GC invocations=2152 (full 4):
 PSYoungGen      total 5632K, used 1152K [0x00000000d5580000, 0x00000000d5e80000, 0x0000000100000000)
  eden space 4096K, 0% used [0x00000000d5580000,0x00000000d5580000,0x00000000d5980000)
  from space 1536K, 75% used [0x00000000d5d00000,0x00000000d5e20000,0x00000000d5e80000)
  to   space 1536K, 0% used [0x00000000d5b80000,0x00000000d5b80000,0x00000000d5d00000)
 ParOldGen       total 1337344K, used 1337043K [0x0000000080000000, 0x00000000d1a00000, 0x00000000d5580000)
  object space 1337344K, 99% used [0x0000000080000000,0x00000000d19b4c90,0x00000000d1a00000)
 Metaspace       used 83621K, committed 85184K, reserved 1179648K
  class space    used 8583K, committed 9280K, reserved 1048576K
}
Event: 964.890 GC heap before
{Heap before GC invocations=2153 (full 4):
 PSYoungGen      total 5632K, used 5247K [0x00000000d5580000, 0x00000000d5e80000, 0x0000000100000000)
  eden space 4096K, 99% used [0x00000000d5580000,0x00000000d597ffe0,0x00000000d5980000)
  from space 1536K, 75% used [0x00000000d5d00000,0x00000000d5e20000,0x00000000d5e80000)
  to   space 1536K, 0% used [0x00000000d5b80000,0x00000000d5b80000,0x00000000d5d00000)
 ParOldGen       total 1337344K, used 1337043K [0x0000000080000000, 0x00000000d1a00000, 0x00000000d5580000)
  object space 1337344K, 99% used [0x0000000080000000,0x00000000d19b4c90,0x00000000d1a00000)
 Metaspace       used 83621K, committed 85184K, reserved 1179648K
  class space    used 8583K, committed 9280K, reserved 1048576K
}
Event: 964.899 GC heap after
{Heap after GC invocations=2153 (full 4):
 PSYoungGen      total 6144K, used 816K [0x00000000d5580000, 0x00000000d5d80000, 0x0000000100000000)
  eden space 5120K, 0% used [0x00000000d5580000,0x00000000d5580000,0x00000000d5a80000)
  from space 1024K, 79% used [0x00000000d5b80000,0x00000000d5c4c010,0x00000000d5c80000)
  to   space 1024K, 0% used [0x00000000d5c80000,0x00000000d5c80000,0x00000000d5d80000)
 ParOldGen       total 1338368K, used 1338136K [0x0000000080000000, 0x00000000d1b00000, 0x00000000d5580000)
  object space 1338368K, 99% used [0x0000000080000000,0x00000000d1ac6320,0x00000000d1b00000)
 Metaspace       used 83621K, committed 85184K, reserved 1179648K
  class space    used 8583K, committed 9280K, reserved 1048576K
}
Event: 964.950 GC heap before
{Heap before GC invocations=2154 (full 4):
 PSYoungGen      total 6144K, used 5936K [0x00000000d5580000, 0x00000000d5d80000, 0x0000000100000000)
  eden space 5120K, 100% used [0x00000000d5580000,0x00000000d5a80000,0x00000000d5a80000)
  from space 1024K, 79% used [0x00000000d5b80000,0x00000000d5c4c010,0x00000000d5c80000)
  to   space 1024K, 0% used [0x00000000d5c80000,0x00000000d5c80000,0x00000000d5d80000)
 ParOldGen       total 1338368K, used 1338136K [0x0000000080000000, 0x00000000d1b00000, 0x00000000d5580000)
  object space 1338368K, 99% used [0x0000000080000000,0x00000000d1ac6320,0x00000000d1b00000)
 Metaspace       used 83621K, committed 85184K, reserved 1179648K
  class space    used 8583K, committed 9280K, reserved 1048576K
}
Event: 964.957 GC heap after
{Heap after GC invocations=2154 (full 4):
 PSYoungGen      total 6144K, used 1024K [0x00000000d5580000, 0x00000000d5e80000, 0x0000000100000000)
  eden space 5120K, 0% used [0x00000000d5580000,0x00000000d5580000,0x00000000d5a80000)
  from space 1024K, 100% used [0x00000000d5c80000,0x00000000d5d80000,0x00000000d5d80000)
  to   space 2048K, 0% used [0x00000000d5a80000,0x00000000d5a80000,0x00000000d5c80000)
 ParOldGen       total 1339392K, used 1338896K [0x0000000080000000, 0x00000000d1c00000, 0x00000000d5580000)
  object space 1339392K, 99% used [0x0000000080000000,0x00000000d1b84320,0x00000000d1c00000)
 Metaspace       used 83621K, committed 85184K, reserved 1179648K
  class space    used 8583K, committed 9280K, reserved 1048576K
}
Event: 965.017 GC heap before
{Heap before GC invocations=2155 (full 4):
 PSYoungGen      total 6144K, used 6144K [0x00000000d5580000, 0x00000000d5e80000, 0x0000000100000000)
  eden space 5120K, 100% used [0x00000000d5580000,0x00000000d5a80000,0x00000000d5a80000)
  from space 1024K, 100% used [0x00000000d5c80000,0x00000000d5d80000,0x00000000d5d80000)
  to   space 2048K, 0% used [0x00000000d5a80000,0x00000000d5a80000,0x00000000d5c80000)
 ParOldGen       total 1339392K, used 1338896K [0x0000000080000000, 0x00000000d1c00000, 0x00000000d5580000)
  object space 1339392K, 99% used [0x0000000080000000,0x00000000d1b84320,0x00000000d1c00000)
 Metaspace       used 83621K, committed 85184K, reserved 1179648K
  class space    used 8583K, committed 9280K, reserved 1048576K
}
Event: 965.031 GC heap after
{Heap after GC invocations=2155 (full 4):
 PSYoungGen      total 6656K, used 1152K [0x00000000d5580000, 0x00000000d5d80000, 0x0000000100000000)
  eden space 5120K, 0% used [0x00000000d5580000,0x00000000d5580000,0x00000000d5a80000)
  from space 1536K, 75% used [0x00000000d5a80000,0x00000000d5ba0000,0x00000000d5c00000)
  to   space 1536K, 0% used [0x00000000d5c00000,0x00000000d5c00000,0x00000000d5d80000)
 ParOldGen       total 1340416K, used 1339941K [0x0000000080000000, 0x00000000d1d00000, 0x00000000d5580000)
  object space 1340416K, 99% used [0x0000000080000000,0x00000000d1c894e8,0x00000000d1d00000)
 Metaspace       used 83621K, committed 85184K, reserved 1179648K
  class space    used 8583K, committed 9280K, reserved 1048576K
}
Event: 965.116 GC heap before
{Heap before GC invocations=2156 (full 4):
 PSYoungGen      total 6656K, used 6272K [0x00000000d5580000, 0x00000000d5d80000, 0x0000000100000000)
  eden space 5120K, 100% used [0x00000000d5580000,0x00000000d5a80000,0x00000000d5a80000)
  from space 1536K, 75% used [0x00000000d5a80000,0x00000000d5ba0000,0x00000000d5c00000)
  to   space 1536K, 0% used [0x00000000d5c00000,0x00000000d5c00000,0x00000000d5d80000)
 ParOldGen       total 1340416K, used 1339941K [0x0000000080000000, 0x00000000d1d00000, 0x00000000d5580000)
  object space 1340416K, 99% used [0x0000000080000000,0x00000000d1c894e8,0x00000000d1d00000)
 Metaspace       used 83621K, committed 85184K, reserved 1179648K
  class space    used 8583K, committed 9280K, reserved 1048576K
}
Event: 965.125 GC heap after
{Heap after GC invocations=2156 (full 4):
 PSYoungGen      total 6656K, used 1440K [0x00000000d5580000, 0x00000000d5d80000, 0x0000000100000000)
  eden space 5120K, 0% used [0x00000000d5580000,0x00000000d5580000,0x00000000d5a80000)
  from space 1536K, 93% used [0x00000000d5c00000,0x00000000d5d68010,0x00000000d5d80000)
  to   space 1536K, 0% used [0x00000000d5a80000,0x00000000d5a80000,0x00000000d5c00000)
 ParOldGen       total 1341440K, used 1341069K [0x0000000080000000, 0x00000000d1e00000, 0x00000000d5580000)
  object space 1341440K, 99% used [0x0000000080000000,0x00000000d1da34e8,0x00000000d1e00000)
 Metaspace       used 83621K, committed 85184K, reserved 1179648K
  class space    used 8583K, committed 9280K, reserved 1048576K
}
Event: 965.179 GC heap before
{Heap before GC invocations=2157 (full 4):
 PSYoungGen      total 6656K, used 6560K [0x00000000d5580000, 0x00000000d5d80000, 0x0000000100000000)
  eden space 5120K, 100% used [0x00000000d5580000,0x00000000d5a80000,0x00000000d5a80000)
  from space 1536K, 93% used [0x00000000d5c00000,0x00000000d5d68010,0x00000000d5d80000)
  to   space 1536K, 0% used [0x00000000d5a80000,0x00000000d5a80000,0x00000000d5c00000)
 ParOldGen       total 1341440K, used 1341069K [0x0000000080000000, 0x00000000d1e00000, 0x00000000d5580000)
  object space 1341440K, 99% used [0x0000000080000000,0x00000000d1da34e8,0x00000000d1e00000)
 Metaspace       used 83621K, committed 85184K, reserved 1179648K
  class space    used 8583K, committed 9280K, reserved 1048576K
}
Event: 965.191 GC heap after
{Heap after GC invocations=2157 (full 4):
 PSYoungGen      total 6656K, used 1248K [0x00000000d5580000, 0x00000000d5d80000, 0x0000000100000000)
  eden space 5120K, 0% used [0x00000000d5580000,0x00000000d5580000,0x00000000d5a80000)
  from space 1536K, 81% used [0x00000000d5a80000,0x00000000d5bb8000,0x00000000d5c00000)
  to   space 1536K, 0% used [0x00000000d5c00000,0x00000000d5c00000,0x00000000d5d80000)
 ParOldGen       total 1342976K, used 1342481K [0x0000000080000000, 0x00000000d1f80000, 0x00000000d5580000)
  object space 1342976K, 99% used [0x0000000080000000,0x00000000d1f04700,0x00000000d1f80000)
 Metaspace       used 83621K, committed 85184K, reserved 1179648K
  class space    used 8583K, committed 9280K, reserved 1048576K
}
Event: 965.303 GC heap before
{Heap before GC invocations=2158 (full 4):
 PSYoungGen      total 6656K, used 6368K [0x00000000d5580000, 0x00000000d5d80000, 0x0000000100000000)
  eden space 5120K, 100% used [0x00000000d5580000,0x00000000d5a80000,0x00000000d5a80000)
  from space 1536K, 81% used [0x00000000d5a80000,0x00000000d5bb8000,0x00000000d5c00000)
  to   space 1536K, 0% used [0x00000000d5c00000,0x00000000d5c00000,0x00000000d5d80000)
 ParOldGen       total 1342976K, used 1342481K [0x0000000080000000, 0x00000000d1f80000, 0x00000000d5580000)
  object space 1342976K, 99% used [0x0000000080000000,0x00000000d1f04700,0x00000000d1f80000)
 Metaspace       used 83621K, committed 85184K, reserved 1179648K
  class space    used 8583K, committed 9280K, reserved 1048576K
}
Event: 965.315 GC heap after
{Heap after GC invocations=2158 (full 4):
 PSYoungGen      total 6656K, used 1312K [0x00000000d5580000, 0x00000000d5d80000, 0x0000000100000000)
  eden space 5120K, 0% used [0x00000000d5580000,0x00000000d5580000,0x00000000d5a80000)
  from space 1536K, 85% used [0x00000000d5c00000,0x00000000d5d48000,0x00000000d5d80000)
  to   space 1536K, 0% used [0x00000000d5a80000,0x00000000d5a80000,0x00000000d5c00000)
 ParOldGen       total 1344000K, used 1343721K [0x0000000080000000, 0x00000000d2080000, 0x00000000d5580000)
  object space 1344000K, 99% used [0x0000000080000000,0x00000000d203a700,0x00000000d2080000)
 Metaspace       used 83621K, committed 85184K, reserved 1179648K
  class space    used 8583K, committed 9280K, reserved 1048576K
}

