# JRE version: OpenJDK Runtime Environment Temurin-21.0.8+9 (21.0.8+9) (build 21.0.8+9-LTS)
# Java VM: OpenJDK 64-Bit Server VM Temurin-21.0.8+9 (21.0.8+9-LTS, mixed mode, sharing, tiered, compressed oops, compressed class ptrs, parallel gc, windows-amd64)
GC Precious Log:
 CardTable entry size: 512
 CPUs: 4 total, 4 available
 Memory: 5991M
 Large Page Support: Disabled
 NUMA Support: Disabled
 Compressed Oops: Enabled (32-bit)
 Alignments: Space 512K, Generation 512K, Heap 2M
 Heap Min Capacity: 100M
 Heap Initial Capacity: 100M
 Heap Max Capacity: 2G
 Pre-touch: Disabled
 Parallel Workers: 4
Heap:
 PSYoungGen      total 4608K, used 2319K [0x00000000d5580000, 0x00000000d5d80000, 0x0000000100000000)
  eden space 4096K, 51% used [0x00000000d5580000,0x00000000d5793ed0,0x00000000d5980000)
  from space 512K, 37% used [0x00000000d5c80000,0x00000000d5cb0000,0x00000000d5d00000)
  to   space 512K, 0% used [0x00000000d5d00000,0x00000000d5d00000,0x00000000d5d80000)
 ParOldGen       total 815616K, used 815501K [0x0000000080000000, 0x00000000b1c80000, 0x00000000d5580000)
  object space 815616K, 99% used [0x0000000080000000,0x00000000b1c634b8,0x00000000b1c80000)
 Metaspace       used 80616K, committed 82176K, reserved 1179648K
  class space    used 8576K, committed 9216K, reserved 1048576K
GC Heap History (20 events):
Event: 217.645 GC heap before
{Heap before GC invocations=645 (full 3):
 PSYoungGen      total 5632K, used 5632K [0x00000000d5580000, 0x00000000d6380000, 0x0000000100000000)
  eden space 4096K, 100% used [0x00000000d5580000,0x00000000d5980000,0x00000000d5980000)
  from space 1536K, 100% used [0x00000000d5a80000,0x00000000d5c00000,0x00000000d5c00000)
  to   space 5120K, 0% used [0x00000000d5e80000,0x00000000d5e80000,0x00000000d6380000)
 ParOldGen       total 807424K, used 807034K [0x0000000080000000, 0x00000000b1480000, 0x00000000d5580000)
  object space 807424K, 99% used [0x0000000080000000,0x00000000b141eb40,0x00000000b1480000)
 Metaspace       used 77570K, committed 79040K, reserved 1179648K
  class space    used 8131K, committed 8768K, reserved 1048576K
}
Event: 217.655 GC heap after
{Heap after GC invocations=645 (full 3):
 PSYoungGen      total 7680K, used 3459K [0x00000000d5580000, 0x00000000d6200000, 0x0000000100000000)
  eden space 4096K, 0% used [0x00000000d5580000,0x00000000d5580000,0x00000000d5980000)
  from space 3584K, 96% used [0x00000000d5e80000,0x00000000d61e0d60,0x00000000d6200000)
  to   space 4096K, 0% used [0x00000000d5a00000,0x00000000d5a00000,0x00000000d5e00000)
 ParOldGen       total 808960K, used 808594K [0x0000000080000000, 0x00000000b1600000, 0x00000000d5580000)
  object space 808960K, 99% used [0x0000000080000000,0x00000000b15a4b40,0x00000000b1600000)
 Metaspace       used 77570K, committed 79040K, reserved 1179648K
  class space    used 8131K, committed 8768K, reserved 1048576K
}
Event: 217.671 GC heap before
{Heap before GC invocations=646 (full 3):
 PSYoungGen      total 7680K, used 7555K [0x00000000d5580000, 0x00000000d6200000, 0x0000000100000000)
  eden space 4096K, 100% used [0x00000000d5580000,0x00000000d5980000,0x00000000d5980000)
  from space 3584K, 96% used [0x00000000d5e80000,0x00000000d61e0d60,0x00000000d6200000)
  to   space 4096K, 0% used [0x00000000d5a00000,0x00000000d5a00000,0x00000000d5e00000)
 ParOldGen       total 808960K, used 808594K [0x0000000080000000, 0x00000000b1600000, 0x00000000d5580000)
  object space 808960K, 99% used [0x0000000080000000,0x00000000b15a4b40,0x00000000b1600000)
 Metaspace       used 77572K, committed 79040K, reserved 1179648K
  class space    used 8131K, committed 8768K, reserved 1048576K
}
Event: 217.679 GC heap after
{Heap after GC invocations=646 (full 3):
 PSYoungGen      total 7168K, used 3008K [0x00000000d5580000, 0x00000000d6080000, 0x0000000100000000)
  eden space 4096K, 0% used [0x00000000d5580000,0x00000000d5580000,0x00000000d5980000)
  from space 3072K, 97% used [0x00000000d5a00000,0x00000000d5cf0010,0x00000000d5d00000)
  to   space 3584K, 0% used [0x00000000d5d00000,0x00000000d5d00000,0x00000000d6080000)
 ParOldGen       total 812032K, used 812022K [0x0000000080000000, 0x00000000b1900000, 0x00000000d5580000)
  object space 812032K, 99% used [0x0000000080000000,0x00000000b18fd8a0,0x00000000b1900000)
 Metaspace       used 77572K, committed 79040K, reserved 1179648K
  class space    used 8131K, committed 8768K, reserved 1048576K
}
Event: 218.223 GC heap before
{Heap before GC invocations=647 (full 3):
 PSYoungGen      total 7168K, used 7104K [0x00000000d5580000, 0x00000000d6080000, 0x0000000100000000)
  eden space 4096K, 100% used [0x00000000d5580000,0x00000000d5980000,0x00000000d5980000)
  from space 3072K, 97% used [0x00000000d5a00000,0x00000000d5cf0010,0x00000000d5d00000)
  to   space 3584K, 0% used [0x00000000d5d00000,0x00000000d5d00000,0x00000000d6080000)
 ParOldGen       total 812032K, used 812022K [0x0000000080000000, 0x00000000b1900000, 0x00000000d5580000)
  object space 812032K, 99% used [0x0000000080000000,0x00000000b18fd8a0,0x00000000b1900000)
 Metaspace       used 77578K, committed 79040K, reserved 1179648K
  class space    used 8131K, committed 8768K, reserved 1048576K
}
Event: 218.229 GC heap after
{Heap after GC invocations=647 (full 3):
 PSYoungGen      total 4608K, used 320K [0x00000000d5580000, 0x00000000d5d80000, 0x0000000100000000)
  eden space 4096K, 0% used [0x00000000d5580000,0x00000000d5580000,0x00000000d5980000)
  from space 512K, 62% used [0x00000000d5d00000,0x00000000d5d50000,0x00000000d5d80000)
  to   space 1536K, 0% used [0x00000000d5a80000,0x00000000d5a80000,0x00000000d5c00000)
 ParOldGen       total 815104K, used 814702K [0x0000000080000000, 0x00000000b1c00000, 0x00000000d5580000)
  object space 815104K, 99% used [0x0000000080000000,0x00000000b1b9b8a0,0x00000000b1c00000)
 Metaspace       used 77578K, committed 79040K, reserved 1179648K
  class space    used 8131K, committed 8768K, reserved 1048576K
}
Event: 247.642 GC heap before
{Heap before GC invocations=648 (full 3):
 PSYoungGen      total 4608K, used 4416K [0x00000000d5580000, 0x00000000d5d80000, 0x0000000100000000)
  eden space 4096K, 100% used [0x00000000d5580000,0x00000000d5980000,0x00000000d5980000)
  from space 512K, 62% used [0x00000000d5d00000,0x00000000d5d50000,0x00000000d5d80000)
  to   space 1536K, 0% used [0x00000000d5a80000,0x00000000d5a80000,0x00000000d5c00000)
 ParOldGen       total 815104K, used 814702K [0x0000000080000000, 0x00000000b1c00000, 0x00000000d5580000)
  object space 815104K, 99% used [0x0000000080000000,0x00000000b1b9b8a0,0x00000000b1c00000)
 Metaspace       used 77588K, committed 79104K, reserved 1179648K
  class space    used 8132K, committed 8768K, reserved 1048576K
}
Event: 247.647 GC heap after
{Heap after GC invocations=648 (full 3):
 PSYoungGen      total 5632K, used 96K [0x00000000d5580000, 0x00000000d5d80000, 0x0000000100000000)
  eden space 4096K, 0% used [0x00000000d5580000,0x00000000d5580000,0x00000000d5980000)
  from space 1536K, 6% used [0x00000000d5a80000,0x00000000d5a98000,0x00000000d5c00000)
  to   space 512K, 0% used [0x00000000d5d00000,0x00000000d5d00000,0x00000000d5d80000)
 ParOldGen       total 815104K, used 814942K [0x0000000080000000, 0x00000000b1c00000, 0x00000000d5580000)
  object space 815104K, 99% used [0x0000000080000000,0x00000000b1bd78a0,0x00000000b1c00000)
 Metaspace       used 77588K, committed 79104K, reserved 1179648K
  class space    used 8132K, committed 8768K, reserved 1048576K
}
Event: 248.630 GC heap before
{Heap before GC invocations=649 (full 3):
 PSYoungGen      total 5632K, used 4192K [0x00000000d5580000, 0x00000000d5d80000, 0x0000000100000000)
  eden space 4096K, 100% used [0x00000000d5580000,0x00000000d5980000,0x00000000d5980000)
  from space 1536K, 6% used [0x00000000d5a80000,0x00000000d5a98000,0x00000000d5c00000)
  to   space 512K, 0% used [0x00000000d5d00000,0x00000000d5d00000,0x00000000d5d80000)
 ParOldGen       total 815104K, used 814942K [0x0000000080000000, 0x00000000b1c00000, 0x00000000d5580000)
  object space 815104K, 99% used [0x0000000080000000,0x00000000b1bd78a0,0x00000000b1c00000)
 Metaspace       used 77971K, committed 79424K, reserved 1179648K
  class space    used 8191K, committed 8832K, reserved 1048576K
}
Event: 248.636 GC heap after
{Heap after GC invocations=649 (full 3):
 PSYoungGen      total 4608K, used 224K [0x00000000d5580000, 0x00000000d5d80000, 0x0000000100000000)
  eden space 4096K, 0% used [0x00000000d5580000,0x00000000d5580000,0x00000000d5980000)
  from space 512K, 43% used [0x00000000d5d00000,0x00000000d5d38000,0x00000000d5d80000)
  to   space 512K, 0% used [0x00000000d5c80000,0x00000000d5c80000,0x00000000d5d00000)
 ParOldGen       total 815104K, used 814966K [0x0000000080000000, 0x00000000b1c00000, 0x00000000d5580000)
  object space 815104K, 99% used [0x0000000080000000,0x00000000b1bdd8a0,0x00000000b1c00000)
 Metaspace       used 77971K, committed 79424K, reserved 1179648K
  class space    used 8191K, committed 8832K, reserved 1048576K
}
Event: 248.780 GC heap before
{Heap before GC invocations=650 (full 3):
 PSYoungGen      total 4608K, used 4320K [0x00000000d5580000, 0x00000000d5d80000, 0x0000000100000000)
  eden space 4096K, 100% used [0x00000000d5580000,0x00000000d5980000,0x00000000d5980000)
  from space 512K, 43% used [0x00000000d5d00000,0x00000000d5d38000,0x00000000d5d80000)
  to   space 512K, 0% used [0x00000000d5c80000,0x00000000d5c80000,0x00000000d5d00000)
 ParOldGen       total 815104K, used 814966K [0x0000000080000000, 0x00000000b1c00000, 0x00000000d5580000)
  object space 815104K, 99% used [0x0000000080000000,0x00000000b1bdd8a0,0x00000000b1c00000)
 Metaspace       used 78519K, committed 80000K, reserved 1179648K
  class space    used 8246K, committed 8896K, reserved 1048576K
}
Event: 248.783 GC heap after
{Heap after GC invocations=650 (full 3):
 PSYoungGen      total 4608K, used 241K [0x00000000d5580000, 0x00000000d5d80000, 0x0000000100000000)
  eden space 4096K, 0% used [0x00000000d5580000,0x00000000d5580000,0x00000000d5980000)
  from space 512K, 47% used [0x00000000d5c80000,0x00000000d5cbc5d0,0x00000000d5d00000)
  to   space 512K, 0% used [0x00000000d5d00000,0x00000000d5d00000,0x00000000d5d80000)
 ParOldGen       total 815616K, used 815126K [0x0000000080000000, 0x00000000b1c80000, 0x00000000d5580000)
  object space 815616K, 99% used [0x0000000080000000,0x00000000b1c058a0,0x00000000b1c80000)
 Metaspace       used 78519K, committed 80000K, reserved 1179648K
  class space    used 8246K, committed 8896K, reserved 1048576K
}
Event: 248.866 GC heap before
{Heap before GC invocations=651 (full 3):
 PSYoungGen      total 4608K, used 4330K [0x00000000d5580000, 0x00000000d5d80000, 0x0000000100000000)
  eden space 4096K, 99% used [0x00000000d5580000,0x00000000d597e388,0x00000000d5980000)
  from space 512K, 47% used [0x00000000d5c80000,0x00000000d5cbc5d0,0x00000000d5d00000)
  to   space 512K, 0% used [0x00000000d5d00000,0x00000000d5d00000,0x00000000d5d80000)
 ParOldGen       total 815616K, used 815126K [0x0000000080000000, 0x00000000b1c80000, 0x00000000d5580000)
  object space 815616K, 99% used [0x0000000080000000,0x00000000b1c058a0,0x00000000b1c80000)
 Metaspace       used 78997K, committed 80448K, reserved 1179648K
  class space    used 8306K, committed 8896K, reserved 1048576K
}
Event: 248.869 GC heap after
{Heap after GC invocations=651 (full 3):
 PSYoungGen      total 4608K, used 222K [0x00000000d5580000, 0x00000000d5d80000, 0x0000000100000000)
  eden space 4096K, 0% used [0x00000000d5580000,0x00000000d5580000,0x00000000d5980000)
  from space 512K, 43% used [0x00000000d5d00000,0x00000000d5d37a80,0x00000000d5d80000)
  to   space 512K, 0% used [0x00000000d5c80000,0x00000000d5c80000,0x00000000d5d00000)
 ParOldGen       total 815616K, used 815301K [0x0000000080000000, 0x00000000b1c80000, 0x00000000d5580000)
  object space 815616K, 99% used [0x0000000080000000,0x00000000b1c31488,0x00000000b1c80000)
 Metaspace       used 78997K, committed 80448K, reserved 1179648K
  class space    used 8306K, committed 8896K, reserved 1048576K
}
Event: 248.943 GC heap before
{Heap before GC invocations=652 (full 3):
 PSYoungGen      total 4608K, used 4318K [0x00000000d5580000, 0x00000000d5d80000, 0x0000000100000000)
  eden space 4096K, 100% used [0x00000000d5580000,0x00000000d5980000,0x00000000d5980000)
  from space 512K, 43% used [0x00000000d5d00000,0x00000000d5d37a80,0x00000000d5d80000)
  to   space 512K, 0% used [0x00000000d5c80000,0x00000000d5c80000,0x00000000d5d00000)
 ParOldGen       total 815616K, used 815301K [0x0000000080000000, 0x00000000b1c80000, 0x00000000d5580000)
  object space 815616K, 99% used [0x0000000080000000,0x00000000b1c31488,0x00000000b1c80000)
 Metaspace       used 79419K, committed 80896K, reserved 1179648K
  class space    used 8387K, committed 9024K, reserved 1048576K
}
Event: 248.946 GC heap after
{Heap after GC invocations=652 (full 3):
 PSYoungGen      total 4608K, used 176K [0x00000000d5580000, 0x00000000d5d80000, 0x0000000100000000)
  eden space 4096K, 0% used [0x00000000d5580000,0x00000000d5580000,0x00000000d5980000)
  from space 512K, 34% used [0x00000000d5c80000,0x00000000d5cac010,0x00000000d5d00000)
  to   space 512K, 0% used [0x00000000d5d00000,0x00000000d5d00000,0x00000000d5d80000)
 ParOldGen       total 815616K, used 815349K [0x0000000080000000, 0x00000000b1c80000, 0x00000000d5580000)
  object space 815616K, 99% used [0x0000000080000000,0x00000000b1c3d488,0x00000000b1c80000)
 Metaspace       used 79419K, committed 80896K, reserved 1179648K
  class space    used 8387K, committed 9024K, reserved 1048576K
}
Event: 249.016 GC heap before
{Heap before GC invocations=653 (full 3):
 PSYoungGen      total 4608K, used 4272K [0x00000000d5580000, 0x00000000d5d80000, 0x0000000100000000)
  eden space 4096K, 100% used [0x00000000d5580000,0x00000000d5980000,0x00000000d5980000)
  from space 512K, 34% used [0x00000000d5c80000,0x00000000d5cac010,0x00000000d5d00000)
  to   space 512K, 0% used [0x00000000d5d00000,0x00000000d5d00000,0x00000000d5d80000)
 ParOldGen       total 815616K, used 815349K [0x0000000080000000, 0x00000000b1c80000, 0x00000000d5580000)
  object space 815616K, 99% used [0x0000000080000000,0x00000000b1c3d488,0x00000000b1c80000)
 Metaspace       used 79821K, committed 81280K, reserved 1179648K
  class space    used 8468K, committed 9088K, reserved 1048576K
}
Event: 249.018 GC heap after
{Heap after GC invocations=653 (full 3):
 PSYoungGen      total 4608K, used 128K [0x00000000d5580000, 0x00000000d5d80000, 0x0000000100000000)
  eden space 4096K, 0% used [0x00000000d5580000,0x00000000d5580000,0x00000000d5980000)
  from space 512K, 25% used [0x00000000d5d00000,0x00000000d5d20000,0x00000000d5d80000)
  to   space 512K, 0% used [0x00000000d5c80000,0x00000000d5c80000,0x00000000d5d00000)
 ParOldGen       total 815616K, used 815445K [0x0000000080000000, 0x00000000b1c80000, 0x00000000d5580000)
  object space 815616K, 99% used [0x0000000080000000,0x00000000b1c554b8,0x00000000b1c80000)
 Metaspace       used 79821K, committed 81280K, reserved 1179648K
  class space    used 8468K, committed 9088K, reserved 1048576K
}
Event: 249.134 GC heap before
{Heap before GC invocations=654 (full 3):
 PSYoungGen      total 4608K, used 4222K [0x00000000d5580000, 0x00000000d5d80000, 0x0000000100000000)
  eden space 4096K, 99% used [0x00000000d5580000,0x00000000d597fbe8,0x00000000d5980000)
  from space 512K, 25% used [0x00000000d5d00000,0x00000000d5d20000,0x00000000d5d80000)
  to   space 512K, 0% used [0x00000000d5c80000,0x00000000d5c80000,0x00000000d5d00000)
 ParOldGen       total 815616K, used 815445K [0x0000000080000000, 0x00000000b1c80000, 0x00000000d5580000)
  object space 815616K, 99% used [0x0000000080000000,0x00000000b1c554b8,0x00000000b1c80000)
 Metaspace       used 80273K, committed 81728K, reserved 1179648K
  class space    used 8530K, committed 9152K, reserved 1048576K
}
Event: 249.137 GC heap after
{Heap after GC invocations=654 (full 3):
 PSYoungGen      total 4608K, used 192K [0x00000000d5580000, 0x00000000d5d80000, 0x0000000100000000)
  eden space 4096K, 0% used [0x00000000d5580000,0x00000000d5580000,0x00000000d5980000)
  from space 512K, 37% used [0x00000000d5c80000,0x00000000d5cb0000,0x00000000d5d00000)
  to   space 512K, 0% used [0x00000000d5d00000,0x00000000d5d00000,0x00000000d5d80000)
 ParOldGen       total 815616K, used 815501K [0x0000000080000000, 0x00000000b1c80000, 0x00000000d5580000)
  object space 815616K, 99% used [0x0000000080000000,0x00000000b1c634b8,0x00000000b1c80000)
 Metaspace       used 80273K, committed 81728K, reserved 1179648K
  class space    used 8530K, committed 9152K, reserved 1048576K
}

