# JRE version: OpenJDK Runtime Environment Temurin-21.0.8+9 (21.0.8+9) (build 21.0.8+9-LTS)
# Java VM: OpenJDK 64-Bit Server VM Temurin-21.0.8+9 (21.0.8+9-LTS, mixed mode, sharing, tiered, compressed oops, compressed class ptrs, parallel gc, windows-amd64)
GC Precious Log:
 CardTable entry size: 512
 CPUs: 4 total, 4 available
 Memory: 5991M
 Large Page Support: Disabled
 NUMA Support: Disabled
 Compressed Oops: Enabled (32-bit)
 Alignments: Space 512K, Generation 512K, Heap 2M
 Heap Min Capacity: 100M
 Heap Initial Capacity: 100M
 Heap Max Capacity: 2G
 Pre-touch: Disabled
 Parallel Workers: 4
Heap:
 PSYoungGen      total 23552K, used 13991K [0x00000000d5580000, 0x00000000d6f00000, 0x0000000100000000)
  eden space 22016K, 57% used [0x00000000d5580000,0x00000000d61ce340,0x00000000d6b00000)
  from space 1536K, 90% used [0x00000000d6d00000,0x00000000d6e5bc68,0x00000000d6e80000)
  to   space 512K, 0% used [0x00000000d6e80000,0x00000000d6e80000,0x00000000d6f00000)
 ParOldGen       total 68608K, used 21317K [0x0000000080000000, 0x0000000084300000, 0x00000000d5580000)
  object space 68608K, 31% used [0x0000000080000000,0x00000000814d1708,0x0000000084300000)
 Metaspace       used 45580K, committed 46656K, reserved 1114112K
  class space    used 4956K, committed 5440K, reserved 1048576K
GC Heap History (20 events):
Event: 11.292 GC heap before
{Heap before GC invocations=10 (full 1):
 PSYoungGen      total 25088K, used 24608K [0x00000000d5580000, 0x00000000d7300000, 0x0000000100000000)
  eden space 24064K, 100% used [0x00000000d5580000,0x00000000d6d00000,0x00000000d6d00000)
  from space 1024K, 53% used [0x00000000d7200000,0x00000000d72882a8,0x00000000d7300000)
  to   space 2048K, 0% used [0x00000000d6f00000,0x00000000d6f00000,0x00000000d7100000)
 ParOldGen       total 68608K, used 12557K [0x0000000080000000, 0x0000000084300000, 0x00000000d5580000)
  object space 68608K, 18% used [0x0000000080000000,0x0000000080c43628,0x0000000084300000)
 Metaspace       used 26426K, committed 27264K, reserved 1114112K
  class space    used 2585K, committed 2944K, reserved 1048576K
}
Event: 11.294 GC heap after
{Heap after GC invocations=10 (full 1):
 PSYoungGen      total 25600K, used 1692K [0x00000000d5580000, 0x00000000d7280000, 0x0000000100000000)
  eden space 23552K, 0% used [0x00000000d5580000,0x00000000d5580000,0x00000000d6c80000)
  from space 2048K, 82% used [0x00000000d6f00000,0x00000000d70a7048,0x00000000d7100000)
  to   space 1536K, 0% used [0x00000000d7100000,0x00000000d7100000,0x00000000d7280000)
 ParOldGen       total 68608K, used 13346K [0x0000000080000000, 0x0000000084300000, 0x00000000d5580000)
  object space 68608K, 19% used [0x0000000080000000,0x0000000080d08b38,0x0000000084300000)
 Metaspace       used 26426K, committed 27264K, reserved 1114112K
  class space    used 2585K, committed 2944K, reserved 1048576K
}
Event: 11.972 GC heap before
{Heap before GC invocations=11 (full 1):
 PSYoungGen      total 25600K, used 25242K [0x00000000d5580000, 0x00000000d7280000, 0x0000000100000000)
  eden space 23552K, 99% used [0x00000000d5580000,0x00000000d6c7fb18,0x00000000d6c80000)
  from space 2048K, 82% used [0x00000000d6f00000,0x00000000d70a7048,0x00000000d7100000)
  to   space 1536K, 0% used [0x00000000d7100000,0x00000000d7100000,0x00000000d7280000)
 ParOldGen       total 68608K, used 13346K [0x0000000080000000, 0x0000000084300000, 0x00000000d5580000)
  object space 68608K, 19% used [0x0000000080000000,0x0000000080d08b38,0x0000000084300000)
 Metaspace       used 28111K, committed 28992K, reserved 1114112K
  class space    used 2765K, committed 3136K, reserved 1048576K
}
Event: 11.976 GC heap after
{Heap after GC invocations=11 (full 1):
 PSYoungGen      total 24576K, used 1521K [0x00000000d5580000, 0x00000000d7280000, 0x0000000100000000)
  eden space 23040K, 0% used [0x00000000d5580000,0x00000000d5580000,0x00000000d6c00000)
  from space 1536K, 99% used [0x00000000d7100000,0x00000000d727c658,0x00000000d7280000)
  to   space 2560K, 0% used [0x00000000d6d80000,0x00000000d6d80000,0x00000000d7000000)
 ParOldGen       total 68608K, used 13936K [0x0000000080000000, 0x0000000084300000, 0x00000000d5580000)
  object space 68608K, 20% used [0x0000000080000000,0x0000000080d9c0f0,0x0000000084300000)
 Metaspace       used 28111K, committed 28992K, reserved 1114112K
  class space    used 2765K, committed 3136K, reserved 1048576K
}
Event: 12.675 GC heap before
{Heap before GC invocations=12 (full 1):
 PSYoungGen      total 24576K, used 24557K [0x00000000d5580000, 0x00000000d7280000, 0x0000000100000000)
  eden space 23040K, 99% used [0x00000000d5580000,0x00000000d6bff010,0x00000000d6c00000)
  from space 1536K, 99% used [0x00000000d7100000,0x00000000d727c658,0x00000000d7280000)
  to   space 2560K, 0% used [0x00000000d6d80000,0x00000000d6d80000,0x00000000d7000000)
 ParOldGen       total 68608K, used 13936K [0x0000000080000000, 0x0000000084300000, 0x00000000d5580000)
  object space 68608K, 20% used [0x0000000080000000,0x0000000080d9c0f0,0x0000000084300000)
 Metaspace       used 31223K, committed 32128K, reserved 1114112K
  class space    used 3164K, committed 3520K, reserved 1048576K
}
Event: 12.681 GC heap after
{Heap after GC invocations=12 (full 1):
 PSYoungGen      total 25088K, used 1128K [0x00000000d5580000, 0x00000000d7180000, 0x0000000100000000)
  eden space 22528K, 0% used [0x00000000d5580000,0x00000000d5580000,0x00000000d6b80000)
  from space 2560K, 44% used [0x00000000d6d80000,0x00000000d6e9a228,0x00000000d7000000)
  to   space 1536K, 0% used [0x00000000d7000000,0x00000000d7000000,0x00000000d7180000)
 ParOldGen       total 68608K, used 15417K [0x0000000080000000, 0x0000000084300000, 0x00000000d5580000)
  object space 68608K, 22% used [0x0000000080000000,0x0000000080f0e7d8,0x0000000084300000)
 Metaspace       used 31223K, committed 32128K, reserved 1114112K
  class space    used 3164K, committed 3520K, reserved 1048576K
}
Event: 13.219 GC heap before
{Heap before GC invocations=13 (full 1):
 PSYoungGen      total 25088K, used 23656K [0x00000000d5580000, 0x00000000d7180000, 0x0000000100000000)
  eden space 22528K, 100% used [0x00000000d5580000,0x00000000d6b80000,0x00000000d6b80000)
  from space 2560K, 44% used [0x00000000d6d80000,0x00000000d6e9a228,0x00000000d7000000)
  to   space 1536K, 0% used [0x00000000d7000000,0x00000000d7000000,0x00000000d7180000)
 ParOldGen       total 68608K, used 15417K [0x0000000080000000, 0x0000000084300000, 0x00000000d5580000)
  object space 68608K, 22% used [0x0000000080000000,0x0000000080f0e7d8,0x0000000084300000)
 Metaspace       used 33392K, committed 34432K, reserved 1114112K
  class space    used 3434K, committed 3904K, reserved 1048576K
}
Event: 13.225 GC heap after
{Heap after GC invocations=13 (full 1):
 PSYoungGen      total 23040K, used 961K [0x00000000d5580000, 0x00000000d7100000, 0x0000000100000000)
  eden space 22016K, 0% used [0x00000000d5580000,0x00000000d5580000,0x00000000d6b00000)
  from space 1024K, 93% used [0x00000000d7000000,0x00000000d70f0508,0x00000000d7100000)
  to   space 1536K, 0% used [0x00000000d6e00000,0x00000000d6e00000,0x00000000d6f80000)
 ParOldGen       total 68608K, used 16368K [0x0000000080000000, 0x0000000084300000, 0x00000000d5580000)
  object space 68608K, 23% used [0x0000000080000000,0x0000000080ffc130,0x0000000084300000)
 Metaspace       used 33392K, committed 34432K, reserved 1114112K
  class space    used 3434K, committed 3904K, reserved 1048576K
}
Event: 13.495 GC heap before
{Heap before GC invocations=14 (full 1):
 PSYoungGen      total 23040K, used 16042K [0x00000000d5580000, 0x00000000d7100000, 0x0000000100000000)
  eden space 22016K, 68% used [0x00000000d5580000,0x00000000d643a5f0,0x00000000d6b00000)
  from space 1024K, 93% used [0x00000000d7000000,0x00000000d70f0508,0x00000000d7100000)
  to   space 1536K, 0% used [0x00000000d6e00000,0x00000000d6e00000,0x00000000d6f80000)
 ParOldGen       total 68608K, used 16368K [0x0000000080000000, 0x0000000084300000, 0x00000000d5580000)
  object space 68608K, 23% used [0x0000000080000000,0x0000000080ffc130,0x0000000084300000)
 Metaspace       used 34833K, committed 35840K, reserved 1114112K
  class space    used 3610K, committed 4096K, reserved 1048576K
}
Event: 13.499 GC heap after
{Heap after GC invocations=14 (full 1):
 PSYoungGen      total 23552K, used 1271K [0x00000000d5580000, 0x00000000d7080000, 0x0000000100000000)
  eden space 22016K, 0% used [0x00000000d5580000,0x00000000d5580000,0x00000000d6b00000)
  from space 1536K, 82% used [0x00000000d6e00000,0x00000000d6f3dc28,0x00000000d6f80000)
  to   space 1024K, 0% used [0x00000000d6f80000,0x00000000d6f80000,0x00000000d7080000)
 ParOldGen       total 68608K, used 17123K [0x0000000080000000, 0x0000000084300000, 0x00000000d5580000)
  object space 68608K, 24% used [0x0000000080000000,0x00000000810b8ff8,0x0000000084300000)
 Metaspace       used 34833K, committed 35840K, reserved 1114112K
  class space    used 3610K, committed 4096K, reserved 1048576K
}
Event: 13.499 GC heap before
{Heap before GC invocations=15 (full 2):
 PSYoungGen      total 23552K, used 1271K [0x00000000d5580000, 0x00000000d7080000, 0x0000000100000000)
  eden space 22016K, 0% used [0x00000000d5580000,0x00000000d5580000,0x00000000d6b00000)
  from space 1536K, 82% used [0x00000000d6e00000,0x00000000d6f3dc28,0x00000000d6f80000)
  to   space 1024K, 0% used [0x00000000d6f80000,0x00000000d6f80000,0x00000000d7080000)
 ParOldGen       total 68608K, used 17123K [0x0000000080000000, 0x0000000084300000, 0x00000000d5580000)
  object space 68608K, 24% used [0x0000000080000000,0x00000000810b8ff8,0x0000000084300000)
 Metaspace       used 34833K, committed 35840K, reserved 1114112K
  class space    used 3610K, committed 4096K, reserved 1048576K
}
Event: 13.563 GC heap after
{Heap after GC invocations=15 (full 2):
 PSYoungGen      total 23552K, used 0K [0x00000000d5580000, 0x00000000d7080000, 0x0000000100000000)
  eden space 22016K, 0% used [0x00000000d5580000,0x00000000d5580000,0x00000000d6b00000)
  from space 1536K, 0% used [0x00000000d6e00000,0x00000000d6e00000,0x00000000d6f80000)
  to   space 1024K, 0% used [0x00000000d6f80000,0x00000000d6f80000,0x00000000d7080000)
 ParOldGen       total 68608K, used 17788K [0x0000000080000000, 0x0000000084300000, 0x00000000d5580000)
  object space 68608K, 25% used [0x0000000080000000,0x000000008115f370,0x0000000084300000)
 Metaspace       used 34833K, committed 35840K, reserved 1114112K
  class space    used 3610K, committed 4096K, reserved 1048576K
}
Event: 14.122 GC heap before
{Heap before GC invocations=16 (full 2):
 PSYoungGen      total 23552K, used 22016K [0x00000000d5580000, 0x00000000d7080000, 0x0000000100000000)
  eden space 22016K, 100% used [0x00000000d5580000,0x00000000d6b00000,0x00000000d6b00000)
  from space 1536K, 0% used [0x00000000d6e00000,0x00000000d6e00000,0x00000000d6f80000)
  to   space 1024K, 0% used [0x00000000d6f80000,0x00000000d6f80000,0x00000000d7080000)
 ParOldGen       total 68608K, used 17788K [0x0000000080000000, 0x0000000084300000, 0x00000000d5580000)
  object space 68608K, 25% used [0x0000000080000000,0x000000008115f370,0x0000000084300000)
 Metaspace       used 37499K, committed 38592K, reserved 1114112K
  class space    used 3945K, committed 4416K, reserved 1048576K
}
Event: 14.126 GC heap after
{Heap after GC invocations=16 (full 2):
 PSYoungGen      total 23040K, used 1024K [0x00000000d5580000, 0x00000000d7080000, 0x0000000100000000)
  eden space 22016K, 0% used [0x00000000d5580000,0x00000000d5580000,0x00000000d6b00000)
  from space 1024K, 100% used [0x00000000d6f80000,0x00000000d7080000,0x00000000d7080000)
  to   space 2048K, 0% used [0x00000000d6c80000,0x00000000d6c80000,0x00000000d6e80000)
 ParOldGen       total 68608K, used 18476K [0x0000000080000000, 0x0000000084300000, 0x00000000d5580000)
  object space 68608K, 26% used [0x0000000080000000,0x000000008120b370,0x0000000084300000)
 Metaspace       used 37499K, committed 38592K, reserved 1114112K
  class space    used 3945K, committed 4416K, reserved 1048576K
}
Event: 14.596 GC heap before
{Heap before GC invocations=17 (full 2):
 PSYoungGen      total 23040K, used 23040K [0x00000000d5580000, 0x00000000d7080000, 0x0000000100000000)
  eden space 22016K, 100% used [0x00000000d5580000,0x00000000d6b00000,0x00000000d6b00000)
  from space 1024K, 100% used [0x00000000d6f80000,0x00000000d7080000,0x00000000d7080000)
  to   space 2048K, 0% used [0x00000000d6c80000,0x00000000d6c80000,0x00000000d6e80000)
 ParOldGen       total 68608K, used 18476K [0x0000000080000000, 0x0000000084300000, 0x00000000d5580000)
  object space 68608K, 26% used [0x0000000080000000,0x000000008120b370,0x0000000084300000)
 Metaspace       used 39633K, committed 40768K, reserved 1114112K
  class space    used 4211K, committed 4672K, reserved 1048576K
}
Event: 14.601 GC heap after
{Heap after GC invocations=17 (full 2):
 PSYoungGen      total 24064K, used 1408K [0x00000000d5580000, 0x00000000d7000000, 0x0000000100000000)
  eden space 22016K, 0% used [0x00000000d5580000,0x00000000d5580000,0x00000000d6b00000)
  from space 2048K, 68% used [0x00000000d6c80000,0x00000000d6de0000,0x00000000d6e80000)
  to   space 1536K, 0% used [0x00000000d6e80000,0x00000000d6e80000,0x00000000d7000000)
 ParOldGen       total 68608K, used 19457K [0x0000000080000000, 0x0000000084300000, 0x00000000d5580000)
  object space 68608K, 28% used [0x0000000080000000,0x00000000813006c8,0x0000000084300000)
 Metaspace       used 39633K, committed 40768K, reserved 1114112K
  class space    used 4211K, committed 4672K, reserved 1048576K
}
Event: 15.383 GC heap before
{Heap before GC invocations=18 (full 2):
 PSYoungGen      total 24064K, used 23424K [0x00000000d5580000, 0x00000000d7000000, 0x0000000100000000)
  eden space 22016K, 100% used [0x00000000d5580000,0x00000000d6b00000,0x00000000d6b00000)
  from space 2048K, 68% used [0x00000000d6c80000,0x00000000d6de0000,0x00000000d6e80000)
  to   space 1536K, 0% used [0x00000000d6e80000,0x00000000d6e80000,0x00000000d7000000)
 ParOldGen       total 68608K, used 19457K [0x0000000080000000, 0x0000000084300000, 0x00000000d5580000)
  object space 68608K, 28% used [0x0000000080000000,0x00000000813006c8,0x0000000084300000)
 Metaspace       used 41786K, committed 42880K, reserved 1114112K
  class space    used 4489K, committed 4928K, reserved 1048576K
}
Event: 15.389 GC heap after
{Heap after GC invocations=18 (full 2):
 PSYoungGen      total 23552K, used 1184K [0x00000000d5580000, 0x00000000d7000000, 0x0000000100000000)
  eden space 22016K, 0% used [0x00000000d5580000,0x00000000d5580000,0x00000000d6b00000)
  from space 1536K, 77% used [0x00000000d6e80000,0x00000000d6fa8000,0x00000000d7000000)
  to   space 1536K, 0% used [0x00000000d6d00000,0x00000000d6d00000,0x00000000d6e80000)
 ParOldGen       total 68608K, used 20265K [0x0000000080000000, 0x0000000084300000, 0x00000000d5580000)
  object space 68608K, 29% used [0x0000000080000000,0x00000000813ca6c8,0x0000000084300000)
 Metaspace       used 41786K, committed 42880K, reserved 1114112K
  class space    used 4489K, committed 4928K, reserved 1048576K
}
Event: 16.304 GC heap before
{Heap before GC invocations=19 (full 2):
 PSYoungGen      total 23552K, used 23187K [0x00000000d5580000, 0x00000000d7000000, 0x0000000100000000)
  eden space 22016K, 99% used [0x00000000d5580000,0x00000000d6afcca8,0x00000000d6b00000)
  from space 1536K, 77% used [0x00000000d6e80000,0x00000000d6fa8000,0x00000000d7000000)
  to   space 1536K, 0% used [0x00000000d6d00000,0x00000000d6d00000,0x00000000d6e80000)
 ParOldGen       total 68608K, used 20265K [0x0000000080000000, 0x0000000084300000, 0x00000000d5580000)
  object space 68608K, 29% used [0x0000000080000000,0x00000000813ca6c8,0x0000000084300000)
 Metaspace       used 44577K, committed 45760K, reserved 1114112K
  class space    used 4838K, committed 5376K, reserved 1048576K
}
Event: 16.311 GC heap after
{Heap after GC invocations=19 (full 2):
 PSYoungGen      total 23552K, used 1391K [0x00000000d5580000, 0x00000000d6f00000, 0x0000000100000000)
  eden space 22016K, 0% used [0x00000000d5580000,0x00000000d5580000,0x00000000d6b00000)
  from space 1536K, 90% used [0x00000000d6d00000,0x00000000d6e5bc68,0x00000000d6e80000)
  to   space 512K, 0% used [0x00000000d6e80000,0x00000000d6e80000,0x00000000d6f00000)
 ParOldGen       total 68608K, used 21317K [0x0000000080000000, 0x0000000084300000, 0x00000000d5580000)
  object space 68608K, 31% used [0x0000000080000000,0x00000000814d1708,0x0000000084300000)
 Metaspace       used 44577K, committed 45760K, reserved 1114112K
  class space    used 4838K, committed 5376K, reserved 1048576K
}

