# JRE version: OpenJDK Runtime Environment Temurin-21.0.8+9 (21.0.8+9) (build 21.0.8+9-LTS)
# Java VM: OpenJDK 64-Bit Server VM Temurin-21.0.8+9 (21.0.8+9-LTS, mixed mode, sharing, tiered, compressed oops, compressed class ptrs, parallel gc, windows-amd64)
GC Precious Log:
 CardTable entry size: 512
 CPUs: 4 total, 4 available
 Memory: 5991M
 Large Page Support: Disabled
 NUMA Support: Disabled
 Compressed Oops: Enabled (32-bit)
 Alignments: Space 512K, Generation 512K, Heap 2M
 Heap Min Capacity: 100M
 Heap Initial Capacity: 100M
 Heap Max Capacity: 2G
 Pre-touch: Disabled
 Parallel Workers: 4
Heap:
 PSYoungGen      total 6656K, used 5038K [0x00000000d5580000, 0x00000000d5e80000, 0x0000000100000000)
  eden space 5632K, 78% used [0x00000000d5580000,0x00000000d59d6a88,0x00000000d5b00000)
  from space 1024K, 58% used [0x00000000d5d80000,0x00000000d5e14fc0,0x00000000d5e80000)
  to   space 1024K, 0% used [0x00000000d5c80000,0x00000000d5c80000,0x00000000d5d80000)
 ParOldGen       total 722432K, used 328018K [0x0000000080000000, 0x00000000ac180000, 0x00000000d5580000)
  object space 722432K, 45% used [0x0000000080000000,0x00000000940548d8,0x00000000ac180000)
 Metaspace       used 78391K, committed 80000K, reserved 1179648K
  class space    used 8097K, committed 8832K, reserved 1048576K
GC Heap History (20 events):
Event: 283.561 GC heap before
{Heap before GC invocations=933 (full 5):
 PSYoungGen      total 5120K, used 4852K [0x00000000d5580000, 0x00000000d5c80000, 0x0000000100000000)
  eden space 4096K, 98% used [0x00000000d5580000,0x00000000d59752b8,0x00000000d5980000)
  from space 1024K, 78% used [0x00000000d5980000,0x00000000d5a48000,0x00000000d5a80000)
  to   space 1024K, 0% used [0x00000000d5b80000,0x00000000d5b80000,0x00000000d5c80000)
 ParOldGen       total 722432K, used 318747K [0x0000000080000000, 0x00000000ac180000, 0x00000000d5580000)
  object space 722432K, 44% used [0x0000000080000000,0x0000000093746fe0,0x00000000ac180000)
 Metaspace       used 78366K, committed 80000K, reserved 1179648K
  class space    used 8097K, committed 8832K, reserved 1048576K
}
Event: 283.563 GC heap after
{Heap after GC invocations=933 (full 5):
 PSYoungGen      total 5632K, used 96K [0x00000000d5580000, 0x00000000d5c00000, 0x0000000100000000)
  eden space 5120K, 0% used [0x00000000d5580000,0x00000000d5580000,0x00000000d5a80000)
  from space 512K, 18% used [0x00000000d5b80000,0x00000000d5b98000,0x00000000d5c00000)
  to   space 512K, 0% used [0x00000000d5b00000,0x00000000d5b00000,0x00000000d5b80000)
 ParOldGen       total 722432K, used 319307K [0x0000000080000000, 0x00000000ac180000, 0x00000000d5580000)
  object space 722432K, 44% used [0x0000000080000000,0x00000000937d2fe0,0x00000000ac180000)
 Metaspace       used 78366K, committed 80000K, reserved 1179648K
  class space    used 8097K, committed 8832K, reserved 1048576K
}
Event: 283.590 GC heap before
{Heap before GC invocations=934 (full 5):
 PSYoungGen      total 5632K, used 5216K [0x00000000d5580000, 0x00000000d5c00000, 0x0000000100000000)
  eden space 5120K, 100% used [0x00000000d5580000,0x00000000d5a80000,0x00000000d5a80000)
  from space 512K, 18% used [0x00000000d5b80000,0x00000000d5b98000,0x00000000d5c00000)
  to   space 512K, 0% used [0x00000000d5b00000,0x00000000d5b00000,0x00000000d5b80000)
 ParOldGen       total 722432K, used 319307K [0x0000000080000000, 0x00000000ac180000, 0x00000000d5580000)
  object space 722432K, 44% used [0x0000000080000000,0x00000000937d2fe0,0x00000000ac180000)
 Metaspace       used 78366K, committed 80000K, reserved 1179648K
  class space    used 8097K, committed 8832K, reserved 1048576K
}
Event: 283.592 GC heap after
{Heap after GC invocations=934 (full 5):
 PSYoungGen      total 6144K, used 64K [0x00000000d5580000, 0x00000000d5c80000, 0x0000000100000000)
  eden space 5632K, 0% used [0x00000000d5580000,0x00000000d5580000,0x00000000d5b00000)
  from space 512K, 12% used [0x00000000d5b00000,0x00000000d5b10000,0x00000000d5b80000)
  to   space 512K, 0% used [0x00000000d5c00000,0x00000000d5c00000,0x00000000d5c80000)
 ParOldGen       total 722432K, used 319356K [0x0000000080000000, 0x00000000ac180000, 0x00000000d5580000)
  object space 722432K, 44% used [0x0000000080000000,0x00000000937df320,0x00000000ac180000)
 Metaspace       used 78366K, committed 80000K, reserved 1179648K
  class space    used 8097K, committed 8832K, reserved 1048576K
}
Event: 283.670 GC heap before
{Heap before GC invocations=935 (full 5):
 PSYoungGen      total 6144K, used 5696K [0x00000000d5580000, 0x00000000d5c80000, 0x0000000100000000)
  eden space 5632K, 100% used [0x00000000d5580000,0x00000000d5b00000,0x00000000d5b00000)
  from space 512K, 12% used [0x00000000d5b00000,0x00000000d5b10000,0x00000000d5b80000)
  to   space 512K, 0% used [0x00000000d5c00000,0x00000000d5c00000,0x00000000d5c80000)
 ParOldGen       total 722432K, used 319356K [0x0000000080000000, 0x00000000ac180000, 0x00000000d5580000)
  object space 722432K, 44% used [0x0000000080000000,0x00000000937df320,0x00000000ac180000)
 Metaspace       used 78366K, committed 80000K, reserved 1179648K
  class space    used 8097K, committed 8832K, reserved 1048576K
}
Event: 283.673 GC heap after
{Heap after GC invocations=935 (full 5):
 PSYoungGen      total 6144K, used 224K [0x00000000d5580000, 0x00000000d5c80000, 0x0000000100000000)
  eden space 5632K, 0% used [0x00000000d5580000,0x00000000d5580000,0x00000000d5b00000)
  from space 512K, 43% used [0x00000000d5c00000,0x00000000d5c38000,0x00000000d5c80000)
  to   space 512K, 0% used [0x00000000d5b00000,0x00000000d5b00000,0x00000000d5b80000)
 ParOldGen       total 722432K, used 319375K [0x0000000080000000, 0x00000000ac180000, 0x00000000d5580000)
  object space 722432K, 44% used [0x0000000080000000,0x00000000937e3c30,0x00000000ac180000)
 Metaspace       used 78366K, committed 80000K, reserved 1179648K
  class space    used 8097K, committed 8832K, reserved 1048576K
}
Event: 283.697 GC heap before
{Heap before GC invocations=936 (full 5):
 PSYoungGen      total 6144K, used 5089K [0x00000000d5580000, 0x00000000d5c80000, 0x0000000100000000)
  eden space 5632K, 86% used [0x00000000d5580000,0x00000000d5a40610,0x00000000d5b00000)
  from space 512K, 43% used [0x00000000d5c00000,0x00000000d5c38000,0x00000000d5c80000)
  to   space 512K, 0% used [0x00000000d5b00000,0x00000000d5b00000,0x00000000d5b80000)
 ParOldGen       total 722432K, used 319375K [0x0000000080000000, 0x00000000ac180000, 0x00000000d5580000)
  object space 722432K, 44% used [0x0000000080000000,0x00000000937e3c30,0x00000000ac180000)
 Metaspace       used 78366K, committed 80000K, reserved 1179648K
  class space    used 8097K, committed 8832K, reserved 1048576K
}
Event: 283.698 GC heap after
{Heap after GC invocations=936 (full 5):
 PSYoungGen      total 6144K, used 224K [0x00000000d5580000, 0x00000000d5c80000, 0x0000000100000000)
  eden space 5632K, 0% used [0x00000000d5580000,0x00000000d5580000,0x00000000d5b00000)
  from space 512K, 43% used [0x00000000d5b00000,0x00000000d5b38000,0x00000000d5b80000)
  to   space 512K, 0% used [0x00000000d5c00000,0x00000000d5c00000,0x00000000d5c80000)
 ParOldGen       total 722432K, used 319383K [0x0000000080000000, 0x00000000ac180000, 0x00000000d5580000)
  object space 722432K, 44% used [0x0000000080000000,0x00000000937e5c30,0x00000000ac180000)
 Metaspace       used 78366K, committed 80000K, reserved 1179648K
  class space    used 8097K, committed 8832K, reserved 1048576K
}
Event: 283.723 GC heap before
{Heap before GC invocations=937 (full 5):
 PSYoungGen      total 6144K, used 5718K [0x00000000d5580000, 0x00000000d5c80000, 0x0000000100000000)
  eden space 5632K, 97% used [0x00000000d5580000,0x00000000d5adda70,0x00000000d5b00000)
  from space 512K, 43% used [0x00000000d5b00000,0x00000000d5b38000,0x00000000d5b80000)
  to   space 512K, 0% used [0x00000000d5c00000,0x00000000d5c00000,0x00000000d5c80000)
 ParOldGen       total 722432K, used 319383K [0x0000000080000000, 0x00000000ac180000, 0x00000000d5580000)
  object space 722432K, 44% used [0x0000000080000000,0x00000000937e5c30,0x00000000ac180000)
 Metaspace       used 78369K, committed 80000K, reserved 1179648K
  class space    used 8097K, committed 8832K, reserved 1048576K
}
Event: 283.726 GC heap after
{Heap after GC invocations=937 (full 5):
 PSYoungGen      total 6144K, used 192K [0x00000000d5580000, 0x00000000d5c80000, 0x0000000100000000)
  eden space 5632K, 0% used [0x00000000d5580000,0x00000000d5580000,0x00000000d5b00000)
  from space 512K, 37% used [0x00000000d5c00000,0x00000000d5c30000,0x00000000d5c80000)
  to   space 512K, 0% used [0x00000000d5b00000,0x00000000d5b00000,0x00000000d5b80000)
 ParOldGen       total 722432K, used 322297K [0x0000000080000000, 0x00000000ac180000, 0x00000000d5580000)
  object space 722432K, 44% used [0x0000000080000000,0x0000000093abe630,0x00000000ac180000)
 Metaspace       used 78369K, committed 80000K, reserved 1179648K
  class space    used 8097K, committed 8832K, reserved 1048576K
}
Event: 283.781 GC heap before
{Heap before GC invocations=938 (full 5):
 PSYoungGen      total 6144K, used 5824K [0x00000000d5580000, 0x00000000d5c80000, 0x0000000100000000)
  eden space 5632K, 100% used [0x00000000d5580000,0x00000000d5b00000,0x00000000d5b00000)
  from space 512K, 37% used [0x00000000d5c00000,0x00000000d5c30000,0x00000000d5c80000)
  to   space 512K, 0% used [0x00000000d5b00000,0x00000000d5b00000,0x00000000d5b80000)
 ParOldGen       total 722432K, used 322297K [0x0000000080000000, 0x00000000ac180000, 0x00000000d5580000)
  object space 722432K, 44% used [0x0000000080000000,0x0000000093abe630,0x00000000ac180000)
 Metaspace       used 78369K, committed 80000K, reserved 1179648K
  class space    used 8097K, committed 8832K, reserved 1048576K
}
Event: 283.785 GC heap after
{Heap after GC invocations=938 (full 5):
 PSYoungGen      total 6144K, used 512K [0x00000000d5580000, 0x00000000d5d00000, 0x0000000100000000)
  eden space 5632K, 0% used [0x00000000d5580000,0x00000000d5580000,0x00000000d5b00000)
  from space 512K, 100% used [0x00000000d5b00000,0x00000000d5b80000,0x00000000d5b80000)
  to   space 1024K, 0% used [0x00000000d5c00000,0x00000000d5c00000,0x00000000d5d00000)
 ParOldGen       total 722432K, used 322313K [0x0000000080000000, 0x00000000ac180000, 0x00000000d5580000)
  object space 722432K, 44% used [0x0000000080000000,0x0000000093ac2630,0x00000000ac180000)
 Metaspace       used 78369K, committed 80000K, reserved 1179648K
  class space    used 8097K, committed 8832K, reserved 1048576K
}
Event: 283.833 GC heap before
{Heap before GC invocations=939 (full 5):
 PSYoungGen      total 6144K, used 6144K [0x00000000d5580000, 0x00000000d5d00000, 0x0000000100000000)
  eden space 5632K, 100% used [0x00000000d5580000,0x00000000d5b00000,0x00000000d5b00000)
  from space 512K, 100% used [0x00000000d5b00000,0x00000000d5b80000,0x00000000d5b80000)
  to   space 1024K, 0% used [0x00000000d5c00000,0x00000000d5c00000,0x00000000d5d00000)
 ParOldGen       total 722432K, used 322313K [0x0000000080000000, 0x00000000ac180000, 0x00000000d5580000)
  object space 722432K, 44% used [0x0000000080000000,0x0000000093ac2630,0x00000000ac180000)
 Metaspace       used 78374K, committed 80000K, reserved 1179648K
  class space    used 8097K, committed 8832K, reserved 1048576K
}
Event: 283.835 GC heap after
{Heap after GC invocations=939 (full 5):
 PSYoungGen      total 6144K, used 368K [0x00000000d5580000, 0x00000000d5c80000, 0x0000000100000000)
  eden space 5632K, 0% used [0x00000000d5580000,0x00000000d5580000,0x00000000d5b00000)
  from space 512K, 71% used [0x00000000d5c00000,0x00000000d5c5c010,0x00000000d5c80000)
  to   space 512K, 0% used [0x00000000d5b00000,0x00000000d5b00000,0x00000000d5b80000)
 ParOldGen       total 722432K, used 323778K [0x0000000080000000, 0x00000000ac180000, 0x00000000d5580000)
  object space 722432K, 44% used [0x0000000080000000,0x0000000093c30b30,0x00000000ac180000)
 Metaspace       used 78374K, committed 80000K, reserved 1179648K
  class space    used 8097K, committed 8832K, reserved 1048576K
}
Event: 283.872 GC heap before
{Heap before GC invocations=940 (full 5):
 PSYoungGen      total 6144K, used 5881K [0x00000000d5580000, 0x00000000d5c80000, 0x0000000100000000)
  eden space 5632K, 97% used [0x00000000d5580000,0x00000000d5ae25c0,0x00000000d5b00000)
  from space 512K, 71% used [0x00000000d5c00000,0x00000000d5c5c010,0x00000000d5c80000)
  to   space 512K, 0% used [0x00000000d5b00000,0x00000000d5b00000,0x00000000d5b80000)
 ParOldGen       total 722432K, used 323778K [0x0000000080000000, 0x00000000ac180000, 0x00000000d5580000)
  object space 722432K, 44% used [0x0000000080000000,0x0000000093c30b30,0x00000000ac180000)
 Metaspace       used 78374K, committed 80000K, reserved 1179648K
  class space    used 8097K, committed 8832K, reserved 1048576K
}
Event: 283.874 GC heap after
{Heap after GC invocations=940 (full 5):
 PSYoungGen      total 6144K, used 499K [0x00000000d5580000, 0x00000000d6100000, 0x0000000100000000)
  eden space 5632K, 0% used [0x00000000d5580000,0x00000000d5580000,0x00000000d5b00000)
  from space 512K, 97% used [0x00000000d5b00000,0x00000000d5b7cfc0,0x00000000d5b80000)
  to   space 3072K, 0% used [0x00000000d5e00000,0x00000000d5e00000,0x00000000d6100000)
 ParOldGen       total 722432K, used 325555K [0x0000000080000000, 0x00000000ac180000, 0x00000000d5580000)
  object space 722432K, 45% used [0x0000000080000000,0x0000000093decc58,0x00000000ac180000)
 Metaspace       used 78374K, committed 80000K, reserved 1179648K
  class space    used 8097K, committed 8832K, reserved 1048576K
}
Event: 283.914 GC heap before
{Heap before GC invocations=941 (full 5):
 PSYoungGen      total 6144K, used 4687K [0x00000000d5580000, 0x00000000d6100000, 0x0000000100000000)
  eden space 5632K, 74% used [0x00000000d5580000,0x00000000d5996fb0,0x00000000d5b00000)
  from space 512K, 97% used [0x00000000d5b00000,0x00000000d5b7cfc0,0x00000000d5b80000)
  to   space 3072K, 0% used [0x00000000d5e00000,0x00000000d5e00000,0x00000000d6100000)
 ParOldGen       total 722432K, used 325555K [0x0000000080000000, 0x00000000ac180000, 0x00000000d5580000)
  object space 722432K, 45% used [0x0000000080000000,0x0000000093decc58,0x00000000ac180000)
 Metaspace       used 78374K, committed 80000K, reserved 1179648K
  class space    used 8097K, committed 8832K, reserved 1048576K
}
Event: 283.917 GC heap after
{Heap after GC invocations=941 (full 5):
 PSYoungGen      total 6656K, used 864K [0x00000000d5580000, 0x00000000d5f00000, 0x0000000100000000)
  eden space 5632K, 0% used [0x00000000d5580000,0x00000000d5580000,0x00000000d5b00000)
  from space 1024K, 84% used [0x00000000d5e00000,0x00000000d5ed8000,0x00000000d5f00000)
  to   space 1536K, 0% used [0x00000000d5c00000,0x00000000d5c00000,0x00000000d5d80000)
 ParOldGen       total 722432K, used 325832K [0x0000000080000000, 0x00000000ac180000, 0x00000000d5580000)
  object space 722432K, 45% used [0x0000000080000000,0x0000000093e320d8,0x00000000ac180000)
 Metaspace       used 78374K, committed 80000K, reserved 1179648K
  class space    used 8097K, committed 8832K, reserved 1048576K
}
Event: 283.935 GC heap before
{Heap before GC invocations=942 (full 5):
 PSYoungGen      total 6656K, used 6496K [0x00000000d5580000, 0x00000000d5f00000, 0x0000000100000000)
  eden space 5632K, 100% used [0x00000000d5580000,0x00000000d5b00000,0x00000000d5b00000)
  from space 1024K, 84% used [0x00000000d5e00000,0x00000000d5ed8000,0x00000000d5f00000)
  to   space 1536K, 0% used [0x00000000d5c00000,0x00000000d5c00000,0x00000000d5d80000)
 ParOldGen       total 722432K, used 325832K [0x0000000080000000, 0x00000000ac180000, 0x00000000d5580000)
  object space 722432K, 45% used [0x0000000080000000,0x0000000093e320d8,0x00000000ac180000)
 Metaspace       used 78384K, committed 80000K, reserved 1179648K
  class space    used 8097K, committed 8832K, reserved 1048576K
}
Event: 283.940 GC heap after
{Heap after GC invocations=942 (full 5):
 PSYoungGen      total 7168K, used 1521K [0x00000000d5580000, 0x00000000d6200000, 0x0000000100000000)
  eden space 5632K, 0% used [0x00000000d5580000,0x00000000d5580000,0x00000000d5b00000)
  from space 1536K, 99% used [0x00000000d5c00000,0x00000000d5d7c500,0x00000000d5d80000)
  to   space 3584K, 0% used [0x00000000d5e80000,0x00000000d5e80000,0x00000000d6200000)
 ParOldGen       total 722432K, used 327283K [0x0000000080000000, 0x00000000ac180000, 0x00000000d5580000)
  object space 722432K, 45% used [0x0000000080000000,0x0000000093f9ce98,0x00000000ac180000)
 Metaspace       used 78384K, committed 80000K, reserved 1179648K
  class space    used 8097K, committed 8832K, reserved 1048576K
}

